1557646965150	mozrunner::runner	INFO	Running command: "/usr/bin/firefox" "-marionette" "-foreground" "-no-remote" "-profile" "/tmp/rust_mozprofile.z93vjOAT9bdo"
1557646972441	addons.webextension.screenshots@mozilla.org	WARN	Loading extension 'screenshots@mozilla.org': Reading manifest: Invalid extension permission: mozillaAddons
1557646972442	addons.webextension.screenshots@mozilla.org	WARN	Loading extension 'screenshots@mozilla.org': Reading manifest: Invalid extension permission: resource://pdf.js/
1557646972442	addons.webextension.screenshots@mozilla.org	WARN	Loading extension 'screenshots@mozilla.org': Reading manifest: Invalid extension permission: about:reader*
1557646979559	Marionette	INFO	Listening on port 33159
1557646979622	Marionette	WARN	TLS certificate errors will be ignored for this session
JavaScript error: https://maps.googleapis.com/maps/api/js?key=AIzaSyBVWaKrjvy3MaE7SQ74_uJiULgl1JY0H2s&sensor=false, line 71: TypeError: a is null
JavaScript error: https://maps.googleapis.com/maps/api/js?key=AIzaSyBVWaKrjvy3MaE7SQ74_uJiULgl1JY0H2s&sensor=false, line 71: TypeError: a is null

(/usr/lib/firefox/firefox:6173): dconf-WARNING **: 12:43:34.291: Unable to open /var/lib/snapd/desktop/dconf/profile/user: Permission denied
JavaScript error: https://maps.googleapis.com/maps/api/js?key=AIzaSyBVWaKrjvy3MaE7SQ74_uJiULgl1JY0H2s&sensor=false, line 71: TypeError: a is null
JavaScript error: https://maps.googleapis.com/maps/api/js?key=AIzaSyBVWaKrjvy3MaE7SQ74_uJiULgl1JY0H2s&sensor=false, line 71: TypeError: a is null
JavaScript error: https://maps.googleapis.com/maps/api/js?key=AIzaSyBVWaKrjvy3MaE7SQ74_uJiULgl1JY0H2s&sensor=false, line 71: TypeError: a is null
JavaScript error: https://maps.googleapis.com/maps/api/js?key=AIzaSyBVWaKrjvy3MaE7SQ74_uJiULgl1JY0H2s&sensor=false, line 71: TypeError: a is null
JavaScript error: https://maps.googleapis.com/maps/api/js?key=AIzaSyBVWaKrjvy3MaE7SQ74_uJiULgl1JY0H2s&sensor=false, line 71: TypeError: a is null
JavaScript error: https://maps.googleapis.com/maps/api/js?key=AIzaSyBVWaKrjvy3MaE7SQ74_uJiULgl1JY0H2s&sensor=false, line 71: TypeError: a is null
console.error: BroadcastService: 
  receivedBroadcastMessage: handler for
  remote-settings/monitor_changes
  threw error:
  Message: Error: Polling for changes failed: NetworkError when attempting to fetch resource..
  Stack:
    remoteSettingsFunction/remoteSettings.pollChanges@resource://services-settings/remote-settings.js:190:13

1557648079845	mozrunner::runner	INFO	Running command: "/usr/bin/firefox" "-marionette" "-foreground" "-no-remote" "-profile" "/tmp/rust_mozprofile.G1l9h7e5WsFe"
1557648081346	addons.webextension.screenshots@mozilla.org	WARN	Loading extension 'screenshots@mozilla.org': Reading manifest: Invalid extension permission: mozillaAddons
1557648081346	addons.webextension.screenshots@mozilla.org	WARN	Loading extension 'screenshots@mozilla.org': Reading manifest: Invalid extension permission: resource://pdf.js/
1557648081346	addons.webextension.screenshots@mozilla.org	WARN	Loading extension 'screenshots@mozilla.org': Reading manifest: Invalid extension permission: about:reader*
1557648084761	Marionette	INFO	Listening on port 40469
1557648084894	Marionette	WARN	TLS certificate errors will be ignored for this session
JavaScript error: https://maps.googleapis.com/maps/api/js?key=AIzaSyBVWaKrjvy3MaE7SQ74_uJiULgl1JY0H2s&sensor=false, line 71: TypeError: a is null
[Parent 7829, Gecko_IOThread] WARNING: pipe error (80): Connection reset by peer: file /build/firefox-qV0aJY/firefox-66.0.4+build3/ipc/chromium/src/chrome/common/ipc_channel_posix.cc, line 357
1557648102150	Marionette	INFO	Stopped listening on port 40469
1557651933580	Marionette	INFO	Stopped listening on port 33159
